<?xml version="1.0" encoding="utf-8"?><testsuites name="pytest tests"><testsuite name="pytest" errors="0" failures="0" skipped="0" tests="153" time="47.898" timestamp="2025-12-22T11:43:36.907811+05:30" hostname="riturajtripathy-IdeaPad-Slim-3-15ABR8-1"><testcase classname="tests.deps.test_block_embedding" name="test_block_embedding_create_and_basic_queries" time="0.640" /><testcase classname="tests.deps.test_block_embedding" name="test_block_embedding_relationships" time="0.310" /><testcase classname="tests.deps.test_block_embedding" name="test_block_embedding_vector_similarity_search" time="0.285" /><testcase classname="tests.deps.test_block_embedding" name="test_block_embedding_cascade_delete" time="0.310" /><testcase classname="tests.deps.test_block_embedding" name="test_block_embedding_multiple_embeddings_per_block" time="0.282" /><testcase classname="tests.deps.test_block_reference" name="test_block_reference_set_null_on_delete" time="0.394" /><testcase classname="tests.deps.test_block_reference" name="test_tool_reference_sop_count" time="0.360" /><testcase classname="tests.deps.test_db" name="test_db" time="0.326" /><testcase classname="tests.deps.test_metrics" name="test_capture_increment_creates_and_increments_metric" time="0.505" /><testcase classname="tests.deps.test_redis" name="test_redis_basic_operations" time="0.013" /><testcase classname="tests.deps.test_redis" name="test_redis_connection" time="0.010" /><testcase classname="tests.deps.test_s3" name="test_s3" time="0.253" /><testcase classname="tests.llm.test_sop_customization.TestSOPPromptCustomization" name="test_build_custom_scoring_section_empty" time="0.001" /><testcase classname="tests.llm.test_sop_customization.TestSOPPromptCustomization" name="test_build_custom_scoring_section_normal" time="0.001" /><testcase classname="tests.llm.test_sop_customization.TestSOPPromptCustomization" name="test_build_custom_scoring_section_critical" time="0.001" /><testcase classname="tests.llm.test_sop_customization.TestSOPPromptCustomization" name="test_build_custom_scoring_section_mixed" time="0.001" /><testcase classname="tests.llm.test_sop_customization.TestSOPPromptCustomization" name="test_get_all_rule_indices_no_custom" time="0.001" /><testcase classname="tests.llm.test_sop_customization.TestSOPPromptCustomization" name="test_get_all_rule_indices_with_custom" time="0.001" /><testcase classname="tests.llm.test_sop_customization.TestTaskSOPPromptWithCustomization" name="test_system_prompt_without_customization" time="0.001" /><testcase classname="tests.llm.test_sop_customization.TestTaskSOPPromptWithCustomization" name="test_system_prompt_with_customization" time="0.001" /><testcase classname="tests.llm.test_sop_customization.TestTaskSOPPromptWithCustomization" name="test_system_prompt_customization_appended_not_replaced" time="0.001" /><testcase classname="tests.llm.test_sop_customization.TestProjectConfigIntegration" name="test_project_config_with_custom_rules" time="0.001" /><testcase classname="tests.llm.test_sop_customization.TestProjectConfigIntegration" name="test_project_config_without_custom_rules" time="0.001" /><testcase classname="tests.schema.test_result" name="test_result_class" time="0.001" /><testcase classname="tests.service.test_block_nav.TestBlockNav" name="test_list_paths_under_block_basic" time="0.455" /><testcase classname="tests.service.test_block_nav.TestBlockNav" name="test_list_paths_empty_space" time="0.227" /><testcase classname="tests.service.test_block_nav.TestBlockNav" name="test_get_path_info_by_id_basic" time="0.298" /><testcase classname="tests.service.test_block_nav.TestBlockNav" name="test_read_blocks_from_par_id" time="0.408" /><testcase classname="tests.service.test_block_render.TestRenderSOPBlock" name="test_render_sop_block_with_tool_sops" time="0.285" /><testcase classname="tests.service.test_block_render.TestRenderSOPBlock" name="test_render_sop_block_no_tool_sops" time="0.263" /><testcase classname="tests.service.test_block_render.TestRenderSOPBlock" name="test_render_sop_block_empty_preferences" time="0.262" /><testcase classname="tests.service.test_block_render.TestRenderSOPBlock" name="test_render_sop_block_order_preserved" time="0.298" /><testcase classname="tests.service.test_block_render.TestRenderTextBlock" name="test_render_text_block_with_notes" time="0.271" /><testcase classname="tests.service.test_block_render.TestRenderTextBlock" name="test_render_text_block_empty_notes" time="0.264" /><testcase classname="tests.service.test_block_render.TestRenderContentBlock" name="test_render_content_block_sop" time="0.259" /><testcase classname="tests.service.test_block_render.TestRenderContentBlock" name="test_render_content_block_text" time="0.266" /><testcase classname="tests.service.test_block_render.TestRenderContentBlock" name="test_render_content_block_unsupported_type" time="0.235" /><testcase classname="tests.service.test_block_search.TestBlockSearch" name="test_search_path_blocks_basic" time="0.287" /><testcase classname="tests.service.test_block_write_data.TestPageBlock" name="test_create_new_page_success" time="0.303" /><testcase classname="tests.service.test_block_write_data.TestPageBlock" name="test_create_new_page_with_props" time="0.261" /><testcase classname="tests.service.test_block_write_data.TestPageBlock" name="test_create_new_page_with_parent" time="0.318" /><testcase classname="tests.service.test_block_write_data.TestPageBlock" name="test_create_new_page_invalid_parent" time="0.235" /><testcase classname="tests.service.test_block_write_data.TestSOPBlock" name="test_write_sop_with_tool_sops" time="0.318" /><testcase classname="tests.service.test_block_write_data.TestSOPBlock" name="test_write_sop_preferences_only" time="0.285" /><testcase classname="tests.service.test_block_write_data.TestSOPBlock" name="test_write_sop_reuses_existing_tool_reference" time="0.296" /><testcase classname="tests.service.test_block_write_data.TestSOPBlock" name="test_write_sop_multiple_with_sort" time="0.383" /><testcase classname="tests.service.test_block_write_data.TestSOPBlock" name="test_write_sop_empty_data_fails" time="0.263" /><testcase classname="tests.service.test_block_write_data.TestSOPBlock" name="test_write_sop_empty_tool_name_fails" time="0.274" /><testcase classname="tests.service.test_block_write_data.TestSOPBlock" name="test_write_sop_tool_name_case_insensitive" time="0.305" /><testcase classname="tests.service.test_block_write_data.TestSOPBlock" name="test_write_sop_with_after_block_index" time="0.367" /><testcase classname="tests.service.test_block_write_data.TestFindBlockSort" name="test_find_block_sort_no_parent" time="0.270" /><testcase classname="tests.service.test_block_write_data.TestFindBlockSort" name="test_find_block_sort_with_parent" time="0.323" /><testcase classname="tests.service.test_block_write_data.TestFindBlockSort" name="test_find_block_sort_invalid_parent" time="0.228" /><testcase classname="tests.service.test_block_write_data.TestFolderBlock" name="test_create_new_folder_success" time="0.295" /><testcase classname="tests.service.test_block_write_data.TestFolderBlock" name="test_create_nested_folders" time="0.307" /><testcase classname="tests.service.test_block_write_data.TestFolderBlock" name="test_create_page_in_folder" time="0.307" /><testcase classname="tests.service.test_block_write_data.TestFolderBlock" name="test_create_folder_with_props" time="0.288" /><testcase classname="tests.service.test_block_write_data.TestBlockParentChildRelationships" name="test_sop_with_folder_parent_fails" time="0.266" /><testcase classname="tests.service.test_block_write_data.TestBlockParentChildRelationships" name="test_sop_with_root_parent_fails" time="0.221" /><testcase classname="tests.service.test_block_write_data.TestBlockParentChildRelationships" name="test_page_with_page_parent_fails" time="0.265" /><testcase classname="tests.service.test_block_write_data.TestBlockParentChildRelationships" name="test_folder_with_page_parent_fails" time="0.269" /><testcase classname="tests.service.test_block_write_data.TestBlockParentChildRelationships" name="test_text_block_with_page_parent_success" time="0.271" /><testcase classname="tests.service.test_block_write_data.TestBlockParentChildRelationships" name="test_text_block_with_folder_parent_fails" time="0.264" /><testcase classname="tests.service.test_block_write_data.TestBlockParentChildRelationships" name="test_text_block_with_root_parent_fails" time="0.287" /><testcase classname="tests.service.test_block_write_data.TestBlockParentChildRelationships" name="test_multiple_text_blocks_under_page" time="0.318" /><testcase classname="tests.service.test_block_write_data.TestBlockParentChildRelationships" name="test_mixed_children_under_page" time="0.313" /><testcase classname="tests.service.test_block_write_data.TestBlockParentChildRelationships" name="test_deep_folder_nesting" time="0.345" /><testcase classname="tests.service.test_block_write_data.TestMovePathBlock" name="test_move_page_to_folder_success" time="0.327" /><testcase classname="tests.service.test_block_write_data.TestMovePathBlock" name="test_move_folder_to_folder_success" time="0.312" /><testcase classname="tests.service.test_block_write_data.TestMovePathBlock" name="test_move_page_block_not_found" time="0.255" /><testcase classname="tests.service.test_block_write_data.TestMovePathBlock" name="test_move_invalid_block_type" time="0.294" /><testcase classname="tests.service.test_block_write_data.TestMovePathBlock" name="test_move_page_to_non_folder_fails" time="0.278" /><testcase classname="tests.service.test_block_write_data.TestMovePathBlock" name="test_move_page_to_nonexistent_parent_fails" time="0.263" /><testcase classname="tests.service.test_block_write_data.TestMovePathBlock" name="test_move_folder_to_its_own_child_fails" time="0.329" /><testcase classname="tests.service.test_block_write_data.TestMovePathBlock" name="test_move_folder_to_itself_fails" time="0.276" /><testcase classname="tests.service.test_block_write_data.TestMovePathBlock" name="test_move_page_with_children" time="0.330" /><testcase classname="tests.service.test_block_write_data.TestMovePathBlock" name="test_move_multiple_pages_to_same_folder" time="0.399" /><testcase classname="tests.service.test_block_write_data.TestMovePathBlock" name="test_move_pages_to_same_folder_with_sort" time="0.520" /><testcase classname="tests.service.test_block_write_data.TestMovePathBlock" name="test_move_page_updates_original_parent_children_sort" time="0.464" /><testcase classname="tests.service.test_block_write_data.TestDeleteBlock" name="test_delete_simple_page" time="0.343" /><testcase classname="tests.service.test_block_write_data.TestDeleteBlock" name="test_delete_folder_with_children" time="0.456" /><testcase classname="tests.service.test_block_write_data.TestDeleteBlock" name="test_delete_nested_folder_structure" time="0.581" /><testcase classname="tests.service.test_block_write_data.TestDeleteBlock" name="test_delete_page_with_sop_blocks" time="0.414" /><testcase classname="tests.service.test_block_write_data.TestDeleteBlock" name="test_delete_block_not_found" time="0.234" /><testcase classname="tests.service.test_block_write_data.TestDeleteBlock" name="test_delete_block_wrong_space" time="0.270" /><testcase classname="tests.service.test_block_write_data.TestDeleteBlock" name="test_delete_block_sort_order_adjustment" time="0.417" /><testcase classname="tests.service.test_block_write_data.TestDeleteBlock" name="test_delete_multiple_blocks_in_sequence" time="0.442" /><testcase classname="tests.service.test_ctx_find_block.TestSpaceCtxFindBlock" name="test_find_page_at_root" time="0.264" /><testcase classname="tests.service.test_ctx_find_block.TestSpaceCtxFindBlock" name="test_find_folder_at_root" time="0.273" /><testcase classname="tests.service.test_ctx_find_block.TestSpaceCtxFindBlock" name="test_find_page_in_folder" time="0.290" /><testcase classname="tests.service.test_ctx_find_block.TestSpaceCtxFindBlock" name="test_find_nested_folders" time="0.423" /><testcase classname="tests.service.test_ctx_find_block.TestSpaceCtxFindBlock" name="test_find_page_in_nested_folders" time="0.318" /><testcase classname="tests.service.test_ctx_find_block.TestSpaceCtxFindBlock" name="test_find_block_caching" time="0.279" /><testcase classname="tests.service.test_ctx_find_block.TestSpaceCtxFindBlock" name="test_find_nonexistent_page" time="0.226" /><testcase classname="tests.service.test_ctx_find_block.TestSpaceCtxFindBlock" name="test_find_nonexistent_folder" time="0.233" /><testcase classname="tests.service.test_ctx_find_block.TestSpaceCtxFindBlock" name="test_find_partial_path_not_exists" time="0.274" /><testcase classname="tests.service.test_ctx_find_block.TestSpaceCtxFindBlock" name="test_find_block_with_leading_slash" time="0.261" /><testcase classname="tests.service.test_ctx_find_block.TestSpaceCtxFindBlock" name="test_find_folder_with_children_counts" time="0.363" /><testcase classname="tests.service.test_ctx_find_block.TestSpaceCtxFindBlock" name="test_find_multiple_pages_different_paths" time="0.329" /><testcase classname="tests.service.test_ctx_find_block.TestSpaceCtxFindBlock" name="test_find_block_with_spaces_in_name" time="0.297" /><testcase classname="tests.service.test_ctx_find_block.TestSpaceCtxFindBlock" name="test_find_block_cache_preserves_across_calls" time="0.325" /><testcase classname="tests.service.test_ctx_find_block.TestSpaceCtxFindBlock" name="test_find_block_same_name_different_folders" time="0.340" /><testcase classname="tests.service.test_sop_custom_rules.TestSOPCustomRules" name="test_custom_rules_storage_and_loading" time="0.229" /><testcase classname="tests.service.test_sop_custom_rules.TestSOPCustomRules" name="test_custom_rules_prompt_generation" time="0.228" /><testcase classname="tests.service.test_sop_custom_rules.TestSOPCustomRules" name="test_default_config_without_custom_rules" time="0.228" /><testcase classname="tests.service.test_space_data.TestSetExperienceConfirmation" name="test_set_experience_confirmation_success" time="0.236" /><testcase classname="tests.service.test_space_data.TestSetExperienceConfirmation" name="test_set_experience_confirmation_multiple" time="0.237" /><testcase classname="tests.service.test_space_data.TestRemoveExperienceConfirmation" name="test_remove_experience_confirmation_success" time="0.253" /><testcase classname="tests.service.test_space_data.TestRemoveExperienceConfirmation" name="test_remove_nonexistent_experience_confirmation" time="0.286" /><testcase classname="tests.service.test_space_data.TestRemoveExperienceConfirmation" name="test_remove_experience_confirmation_isolation" time="0.242" /><testcase classname="tests.service.test_space_data.TestListExperienceConfirmations" name="test_list_experience_confirmations_success" time="0.255" /><testcase classname="tests.service.test_space_data.TestListExperienceConfirmations" name="test_list_experience_confirmations_with_pagination" time="0.276" /><testcase classname="tests.service.test_space_data.TestListExperienceConfirmations" name="test_list_experience_confirmations_empty" time="0.231" /><testcase classname="tests.service.test_space_data.TestListExperienceConfirmations" name="test_list_experience_confirmations_space_isolation" time="0.257" /><testcase classname="tests.service.test_space_data.TestExperienceConfirmationIntegration" name="test_full_lifecycle" time="0.261" /><testcase classname="tests.service.test_space_sop_batching" name="test_space_sop_complete_batches_buffered_items" time="0.271" /><testcase classname="tests.service.test_task_data.TestFetchCurrentTasks" name="test_fetch_all_tasks_success" time="0.253" /><testcase classname="tests.service.test_task_data.TestFetchCurrentTasks" name="test_fetch_tasks_with_status_filter" time="0.251" /><testcase classname="tests.service.test_task_data.TestFetchCurrentTasks" name="test_fetch_tasks_no_results" time="0.215" /><testcase classname="tests.service.test_task_data.TestUpdateTask" name="test_update_status_success" time="0.259" /><testcase classname="tests.service.test_task_data.TestUpdateTask" name="test_update_order_success" time="0.248" /><testcase classname="tests.service.test_task_data.TestUpdateTask" name="test_update_data_success" time="0.241" /><testcase classname="tests.service.test_task_data.TestUpdateTask" name="test_update_multiple_fields" time="0.245" /><testcase classname="tests.service.test_task_data.TestUpdateTask" name="test_update_nonexistent_task" time="0.210" /><testcase classname="tests.service.test_task_data.TestUpdateTask" name="test_update_task_with_none_values" time="0.260" /><testcase classname="tests.service.test_task_data.TestUpdateTask" name="test_update_task_patch_data_success" time="0.261" /><testcase classname="tests.service.test_task_data.TestUpdateTask" name="test_update_task_patch_data_with_status_and_order" time="0.247" /><testcase classname="tests.service.test_task_data.TestInsertTask" name="test_insert_task_success" time="0.250" /><testcase classname="tests.service.test_task_data.TestInsertTask" name="test_insert_task_with_custom_status" time="0.288" /><testcase classname="tests.service.test_task_data.TestInsertTask" name="test_insert_task_default_status" time="0.249" /><testcase classname="tests.service.test_task_data.TestInsertTask" name="test_insert_task_complex_data" time="0.246" /><testcase classname="tests.service.test_task_data.TestInsertTask" name="test_insert_order_increment" time="0.268" /><testcase classname="tests.service.test_task_data.TestDeleteTask" name="test_delete_task_success" time="0.241" /><testcase classname="tests.service.test_task_data.TestDeleteTask" name="test_delete_nonexistent_task" time="0.205" /><testcase classname="tests.service.test_task_data.TestDeleteTask" name="test_delete_task_cascade_behavior" time="0.254" /><testcase classname="tests.service.test_task_data.TestIntegrationScenarios" name="test_full_task_lifecycle" time="0.279" /><testcase classname="tests.service.test_task_data.TestIntegrationScenarios" name="test_multiple_sessions_isolation" time="0.306" /><testcase classname="tests.service.test_task_data.TestIntegrationScenarios" name="test_ordering_after_updates" time="0.330" /><testcase classname="tests.service.test_task_data.TestAppendProgressToTask" name="test_append_progress_to_null_progresses" time="0.257" /><testcase classname="tests.service.test_task_data.TestAppendProgressToTask" name="test_append_progress_to_existing_progresses" time="0.253" /><testcase classname="tests.service.test_task_data.TestAppendProgressToTask" name="test_append_multiple_progresses_sequentially" time="0.275" /><testcase classname="tests.service.test_task_data.TestAppendProgressToTask" name="test_append_progress_with_empty_array" time="0.255" /><testcase classname="tests.service.test_task_data.TestAppendProgressToTask" name="test_append_progress_with_special_characters" time="0.271" /><testcase classname="tests.service.test_task_data.TestAppendProgressToTask" name="test_append_progress_task_not_found" time="0.204" /><testcase classname="tests.service.test_task_data.TestAppendSopThinkingToTask" name="test_append_sop_thinking_success" time="0.245" /><testcase classname="tests.service.test_task_data.TestAppendSopThinkingToTask" name="test_append_sop_thinking_overwrites_existing" time="0.242" /><testcase classname="tests.service.test_task_data.TestAppendSopThinkingToTask" name="test_append_sop_thinking_task_not_found" time="0.220" /><testcase classname="tests.service.test_task_data.TestAppendSopThinkingToTask" name="test_append_sop_thinking_preserves_other_fields" time="0.254" /><testcase classname="tests.test_api.TestGetLearningStatusEndpoint" name="test_get_learning_status_with_digested_tasks" time="0.442" /><testcase classname="tests.test_api.TestGetLearningStatusEndpoint" name="test_get_learning_status_no_tasks" time="0.347" /><testcase classname="tests.test_api.TestGetLearningStatusEndpoint" name="test_get_learning_status_session_not_connected_to_space" time="0.311" /><testcase classname="tests.test_api.TestGetLearningStatusEndpoint" name="test_get_learning_status_invalid_session_id" time="0.266" /><testcase classname="tests.test_api.TestGetLearningStatusEndpoint" name="test_get_learning_status_all_digested" time="0.361" /></testsuite></testsuites>